<?xml version="1.0" encoding="UTF-8"?>
<testsuite xmlns:xsi="http://www.w3.org/2001/XMLSchema-instance" xsi:noNamespaceSchemaLocation="https://maven.apache.org/surefire/maven-surefire-plugin/xsd/surefire-test-report-3.0.xsd" version="3.0" name="com.plataforma.conversacional.controller.DocumentControllerTest" time="17.19" tests="2" errors="0" skipped="0" failures="0">
  <properties>
[...]
</properties>
  <testcase name="upload_ShouldReturn201" classname="com.plataforma.conversacional.controller.DocumentControllerTest" time="0.995">
    <system-out><![CDATA[12:48:43.238 [main] INFO org.springframework.test.context.support.AnnotationConfigContextLoaderUtils -- Could not detect default configuration classes for test class [com.plataforma.conversacional.controller.DocumentControllerTest]: DocumentControllerTest does not declare any static, non-private, non-final, nested classes annotated with @Configuration.
12:48:43.776 [main] INFO org.springframework.boot.test.context.SpringBootTestContextBootstrapper -- Found @SpringBootConfiguration com.plataforma.conversacional.PlataformaConversacionalApplication for test class com.plataforma.conversacional.controller.DocumentControllerTest
12:48:42,348 |-INFO in ch.qos.logback.classic.LoggerContext[default] - This is logback-classic version 1.4.11
12:48:42,375 |-INFO in ch.qos.logback.classic.util.ContextInitializer@65753040 - Here is a list of configurators discovered as a service, by rank: 
12:48:42,376 |-INFO in ch.qos.logback.classic.util.ContextInitializer@65753040 -   org.springframework.boot.logging.logback.RootLogLevelConfigurator
12:48:42,376 |-INFO in ch.qos.logback.classic.util.ContextInitializer@65753040 - They will be invoked in order until ExecutionStatus.DO_NOT_INVOKE_NEXT_IF_ANY is returned.
12:48:42,376 |-INFO in ch.qos.logback.classic.util.ContextInitializer@65753040 - Constructed configurator of type class org.springframework.boot.logging.logback.RootLogLevelConfigurator
12:48:42,417 |-INFO in ch.qos.logback.classic.util.ContextInitializer@65753040 - org.springframework.boot.logging.logback.RootLogLevelConfigurator.configure() call lasted 0 milliseconds. ExecutionStatus=INVOKE_NEXT_IF_ANY
12:48:42,417 |-INFO in ch.qos.logback.classic.util.ContextInitializer@65753040 - Trying to configure with ch.qos.logback.classic.joran.SerializedModelConfigurator
12:48:42,418 |-INFO in ch.qos.logback.classic.util.ContextInitializer@65753040 - Constructed configurator of type class ch.qos.logback.classic.joran.SerializedModelConfigurator
12:48:42,480 |-INFO in ch.qos.logback.classic.LoggerContext[default] - Could NOT find resource [logback-test.scmo]
12:48:42,481 |-INFO in ch.qos.logback.classic.LoggerContext[default] - Could NOT find resource [logback.scmo]
12:48:42,481 |-INFO in ch.qos.logback.classic.util.ContextInitializer@65753040 - ch.qos.logback.classic.joran.SerializedModelConfigurator.configure() call lasted 63 milliseconds. ExecutionStatus=INVOKE_NEXT_IF_ANY
12:48:42,481 |-INFO in ch.qos.logback.classic.util.ContextInitializer@65753040 - Trying to configure with ch.qos.logback.classic.util.DefaultJoranConfigurator
12:48:42,500 |-INFO in ch.qos.logback.classic.util.ContextInitializer@65753040 - Constructed configurator of type class ch.qos.logback.classic.util.DefaultJoranConfigurator
12:48:42,501 |-INFO in ch.qos.logback.classic.LoggerContext[default] - Could NOT find resource [logback-test.xml]
12:48:42,502 |-INFO in ch.qos.logback.classic.LoggerContext[default] - Could NOT find resource [logback.xml]
12:48:42,502 |-INFO in ch.qos.logback.classic.util.ContextInitializer@65753040 - ch.qos.logback.classic.util.DefaultJoranConfigurator.configure() call lasted 2 milliseconds. ExecutionStatus=INVOKE_NEXT_IF_ANY
12:48:42,502 |-INFO in ch.qos.logback.classic.util.ContextInitializer@65753040 - Trying to configure with ch.qos.logback.classic.BasicConfigurator
12:48:42,507 |-INFO in ch.qos.logback.classic.util.ContextInitializer@65753040 - Constructed configurator of type class ch.qos.logback.classic.BasicConfigurator
12:48:42,507 |-INFO in ch.qos.logback.classic.BasicConfigurator@2954b5ea - Setting up default configuration.
12:48:42,568 |-INFO in ch.qos.logback.classic.util.ContextInitializer@65753040 - ch.qos.logback.classic.BasicConfigurator.configure() call lasted 61 milliseconds. ExecutionStatus=NEUTRAL
12:48:45,271 |-INFO in ch.qos.logback.core.joran.util.ConfigurationWatchListUtil@4acb2510 - Adding [jar:file:/C:/Users/Kaique%20Abranches/.m2/repository/org/springframework/boot/spring-boot/3.2.0/spring-boot-3.2.0.jar!/org/springframework/boot/logging/logback/defaults.xml] to configuration watch list.
12:48:45,271 |-INFO in ch.qos.logback.core.joran.spi.ConfigurationWatchList@7be3a9ce - URL [jar:file:/C:/Users/Kaique%20Abranches/.m2/repository/org/springframework/boot/spring-boot/3.2.0/spring-boot-3.2.0.jar!/org/springframework/boot/logging/logback/defaults.xml] is not of type file
12:48:45,281 |-INFO in ch.qos.logback.core.joran.action.ConversionRuleAction - registering conversion word clr with class [org.springframework.boot.logging.logback.ColorConverter]
12:48:45,282 |-INFO in ch.qos.logback.core.joran.action.ConversionRuleAction - registering conversion word correlationId with class [org.springframework.boot.logging.logback.CorrelationIdConverter]
12:48:45,283 |-INFO in ch.qos.logback.core.joran.action.ConversionRuleAction - registering conversion word wex with class [org.springframework.boot.logging.logback.WhitespaceThrowableProxyConverter]
12:48:45,283 |-INFO in ch.qos.logback.core.joran.action.ConversionRuleAction - registering conversion word wEx with class [org.springframework.boot.logging.logback.ExtendedWhitespaceThrowableProxyConverter]
12:48:45,472 |-INFO in ch.qos.logback.classic.model.processor.LoggerModelHandler - Setting level of logger [org.apache.catalina.startup.DigesterFactory] to ERROR
12:48:45,472 |-INFO in ch.qos.logback.classic.jul.LevelChangePropagator@37d871c2 - Propagating ERROR level on Logger[org.apache.catalina.startup.DigesterFactory] onto the JUL framework
12:48:45,474 |-INFO in ch.qos.logback.classic.model.processor.LoggerModelHandler - Setting level of logger [org.apache.catalina.util.LifecycleBase] to ERROR
12:48:45,474 |-INFO in ch.qos.logback.classic.jul.LevelChangePropagator@37d871c2 - Propagating ERROR level on Logger[org.apache.catalina.util.LifecycleBase] onto the JUL framework
12:48:45,474 |-INFO in ch.qos.logback.classic.model.processor.LoggerModelHandler - Setting level of logger [org.apache.coyote.http11.Http11NioProtocol] to WARN
12:48:45,474 |-INFO in ch.qos.logback.classic.jul.LevelChangePropagator@37d871c2 - Propagating WARN level on Logger[org.apache.coyote.http11.Http11NioProtocol] onto the JUL framework
12:48:45,474 |-INFO in ch.qos.logback.classic.model.processor.LoggerModelHandler - Setting level of logger [org.apache.sshd.common.util.SecurityUtils] to WARN
12:48:45,474 |-INFO in ch.qos.logback.classic.jul.LevelChangePropagator@37d871c2 - Propagating WARN level on Logger[org.apache.sshd.common.util.SecurityUtils] onto the JUL framework
12:48:45,474 |-INFO in ch.qos.logback.classic.model.processor.LoggerModelHandler - Setting level of logger [org.apache.tomcat.util.net.NioSelectorPool] to WARN
12:48:45,474 |-INFO in ch.qos.logback.classic.jul.LevelChangePropagator@37d871c2 - Propagating WARN level on Logger[org.apache.tomcat.util.net.NioSelectorPool] onto the JUL framework
12:48:45,475 |-INFO in ch.qos.logback.classic.model.processor.LoggerModelHandler - Setting level of logger [org.eclipse.jetty.util.component.AbstractLifeCycle] to ERROR
12:48:45,475 |-INFO in ch.qos.logback.classic.jul.LevelChangePropagator@37d871c2 - Propagating ERROR level on Logger[org.eclipse.jetty.util.component.AbstractLifeCycle] onto the JUL framework
12:48:45,476 |-INFO in ch.qos.logback.classic.model.processor.LoggerModelHandler - Setting level of logger [org.hibernate.validator.internal.util.Version] to WARN
12:48:45,476 |-INFO in ch.qos.logback.classic.jul.LevelChangePropagator@37d871c2 - Propagating WARN level on Logger[org.hibernate.validator.internal.util.Version] onto the JUL framework
12:48:45,476 |-INFO in ch.qos.logback.classic.model.processor.LoggerModelHandler - Setting level of logger [org.springframework.boot.actuate.endpoint.jmx] to WARN
12:48:45,476 |-INFO in ch.qos.logback.classic.jul.LevelChangePropagator@37d871c2 - Propagating WARN level on Logger[org.springframework.boot.actuate.endpoint.jmx] onto the JUL framework
12:48:45,477 |-INFO in ch.qos.logback.core.model.processor.AppenderModelHandler - Processing appender named [JSON_CONSOLE]
12:48:45,477 |-INFO in ch.qos.logback.core.model.processor.AppenderModelHandler - About to instantiate appender of type [ch.qos.logback.core.ConsoleAppender]
12:48:45,578 |-INFO in ch.qos.logback.core.model.processor.ImplicitModelHandler - Assuming default type [net.logstash.logback.fieldnames.LogstashFieldNames] for [fieldNames] property
12:48:46,210 |-WARN in ch.qos.logback.core.model.processor.AppenderModelHandler - Appender named [CONSOLE] not referenced. Skipping further processing.
12:48:46,210 |-INFO in ch.qos.logback.classic.model.processor.RootLoggerModelHandler - Setting level of ROOT logger to INFO
12:48:46,210 |-INFO in ch.qos.logback.classic.jul.LevelChangePropagator@37d871c2 - Propagating INFO level on Logger[ROOT] onto the JUL framework
12:48:46,210 |-INFO in ch.qos.logback.core.model.processor.AppenderRefModelHandler - Attaching appender named [JSON_CONSOLE] to Logger[ROOT]
12:48:46,210 |-INFO in ch.qos.logback.core.model.processor.DefaultProcessor@3baf6936 - End of configuration.
12:48:46,212 |-INFO in org.springframework.boot.logging.logback.SpringBootJoranConfigurator@285f38f6 - Registering current configuration as safe fallback point


  .   ____          _            __ _ _
 /\\ / ___'_ __ _ _(_)_ __  __ _ \ \ \ \
( ( )\___ | '_ | '_| | '_ \/ _` | \ \ \ \
 \\/  ___)| |_)| | | | | || (_| |  ) ) ) )
  '  |____| .__|_| |_|_| |_\__, | / / / /
 =========|_|==============|___/=/_/_/_/
 :: Spring Boot ::                (v3.2.0)

{"@timestamp":"2026-06-27T12:48:46.4741569-03:00","@version":"1","message":"Starting DocumentControllerTest using Java 17.0.12 with PID 624 (started by Kaique Abranches in C:\\Users\\Kaique Abranches\\Desktop\\Trabalho-IA-Back)","logger_name":"com.plataforma.conversacional.controller.DocumentControllerTest","thread":"main","level":"INFO","springAppName":"chatbot"}
{"@timestamp":"2026-06-27T12:48:46.4872287-03:00","@version":"1","message":"Running with Spring Boot v3.2.0, Spring v6.1.1","logger_name":"com.plataforma.conversacional.controller.DocumentControllerTest","thread":"main","level":"DEBUG","springAppName":"chatbot"}
{"@timestamp":"2026-06-27T12:48:46.4893244-03:00","@version":"1","message":"No active profile set, falling back to 1 default profile: \"default\"","logger_name":"com.plataforma.conversacional.controller.DocumentControllerTest","thread":"main","level":"INFO","springAppName":"chatbot"}
{"@timestamp":"2026-06-27T12:48:56.700652-03:00","@version":"1","message":"\r\n\r\nUsing generated security password: bbcdfef7-387b-4073-a1fb-53e6c25d1a21\r\n\r\nThis generated password is for development use only. Your security configuration must be updated before running your application in production.\r\n","logger_name":"org.springframework.boot.autoconfigure.security.servlet.UserDetailsServiceAutoConfiguration","thread":"main","level":"WARN","springAppName":"chatbot"}
{"@timestamp":"2026-06-27T12:48:57.4845751-03:00","@version":"1","message":"Will secure any request with [org.springframework.security.web.session.DisableEncodeUrlFilter@69d58731, org.springframework.security.web.context.request.async.WebAsyncManagerIntegrationFilter@3275a47f, org.springframework.security.web.context.SecurityContextHolderFilter@4be460e5, org.springframework.security.web.header.HeaderWriterFilter@3a1a0bc, org.springframework.web.filter.CorsFilter@1b5af65b, org.springframework.security.web.csrf.CsrfFilter@93fb44, org.springframework.security.web.authentication.logout.LogoutFilter@2d3eecda, org.springframework.security.web.authentication.UsernamePasswordAuthenticationFilter@35cbeb54, org.springframework.security.web.authentication.ui.DefaultLoginPageGeneratingFilter@56f84c9b, org.springframework.security.web.authentication.ui.DefaultLogoutPageGeneratingFilter@2e0163cb, org.springframework.security.web.authentication.www.BasicAuthenticationFilter@49925d21, org.springframework.security.web.savedrequest.RequestCacheAwareFilter@7805478c, org.springframework.security.web.servletapi.SecurityContextHolderAwareRequestFilter@6807989e, org.springframework.security.web.authentication.AnonymousAuthenticationFilter@6b289535, org.springframework.security.web.access.ExceptionTranslationFilter@11e24688, org.springframework.security.web.access.intercept.AuthorizationFilter@e2c627e]","logger_name":"org.springframework.security.web.DefaultSecurityFilterChain","thread":"main","level":"INFO","springAppName":"chatbot"}
{"@timestamp":"2026-06-27T12:48:57.9114088-03:00","@version":"1","message":"Initializing Spring TestDispatcherServlet ''","logger_name":"org.springframework.boot.test.mock.web.SpringBootMockServletContext","thread":"main","level":"INFO","springAppName":"chatbot"}
{"@timestamp":"2026-06-27T12:48:57.9124054-03:00","@version":"1","message":"Initializing Servlet ''","logger_name":"org.springframework.test.web.servlet.TestDispatcherServlet","thread":"main","level":"INFO","springAppName":"chatbot"}
{"@timestamp":"2026-06-27T12:48:57.9189433-03:00","@version":"1","message":"Completed initialization in 6 ms","logger_name":"org.springframework.test.web.servlet.TestDispatcherServlet","thread":"main","level":"INFO","springAppName":"chatbot"}
{"@timestamp":"2026-06-27T12:48:58.0861467-03:00","@version":"1","message":"Started DocumentControllerTest in 14.009 seconds (process running for 19.633)","logger_name":"com.plataforma.conversacional.controller.DocumentControllerTest","thread":"main","level":"INFO","springAppName":"chatbot"}
{"@timestamp":"2026-06-27T12:48:58.453849-03:00","@version":"1","message":"Cache miss for REQUEST dispatch to '/api/v1/documents/upload' (previous null). Performing CorsConfiguration lookup. This is logged once only at WARN level, and every time at TRACE.","logger_name":"org.springframework.web.servlet.handler.HandlerMappingIntrospector","thread":"main","level":"WARN","springAppName":"chatbot"}
]]></system-out>
  </testcase>
  <testcase name="findById_ShouldReturn200" classname="com.plataforma.conversacional.controller.DocumentControllerTest" time="0.052"/>
</testsuite>