<?xml version="1.0" encoding="UTF-8"?>
<testsuite xmlns:xsi="http://www.w3.org/2001/XMLSchema-instance" xsi:noNamespaceSchemaLocation="https://maven.apache.org/surefire/maven-surefire-plugin/xsd/surefire-test-report-3.0.xsd" version="3.0" name="com.plataforma.conversacional.repository.DocumentRepositoryTest" time="3.682" tests="3" errors="0" skipped="0" failures="0">
  <properties>
[...]
</properties>
  <testcase name="save_ShouldPersistDocument" classname="com.plataforma.conversacional.repository.DocumentRepositoryTest" time="0.113">
    <system-out><![CDATA[{"@timestamp":"2026-06-27T13:40:39.3368278-03:00","@version":"1","message":"Could not detect default configuration classes for test class [com.plataforma.conversacional.repository.DocumentRepositoryTest]: DocumentRepositoryTest does not declare any static, non-private, non-final, nested classes annotated with @Configuration.","logger_name":"org.springframework.test.context.support.AnnotationConfigContextLoaderUtils","thread":"main","level":"INFO","springAppName":"chatbot"}
{"@timestamp":"2026-06-27T13:40:39.3696809-03:00","@version":"1","message":"Found @SpringBootConfiguration com.plataforma.conversacional.PlataformaConversacionalApplication for test class com.plataforma.conversacional.repository.DocumentRepositoryTest","logger_name":"org.springframework.boot.test.context.SpringBootTestContextBootstrapper","thread":"main","level":"INFO","springAppName":"chatbot"}
{"@timestamp":"2026-06-27T13:40:39.3817563-03:00","@version":"1","message":"Initialized Dotenv with DotenvConfig{directory=null, filename=null, ignoreIfMalformed=false, ignoreIfMissing=true, systemProperties=false, prefix=null}","logger_name":"me.paulschwarz.springdotenv.DotenvPropertySource","thread":"main","level":"INFO","springAppName":"chatbot"}

  .   ____          _            __ _ _
 /\\ / ___'_ __ _ _(_)_ __  __ _ \ \ \ \
( ( )\___ | '_ | '_| | '_ \/ _` | \ \ \ \
 \\/  ___)| |_)| | | | | || (_| |  ) ) ) )
  '  |____| .__|_| |_|_| |_\__, | / / / /
 =========|_|==============|___/=/_/_/_/
 :: Spring Boot ::                (v3.2.0)

{"@timestamp":"2026-06-27T13:40:39.4330737-03:00","@version":"1","message":"Starting DocumentRepositoryTest using Java 17.0.18 with PID 6276 (started by betar in C:\\Users\\betar\\OneDrive\\Desktop\\SERRATEC\\IA\\Trabalho-IA-Back)","logger_name":"com.plataforma.conversacional.repository.DocumentRepositoryTest","thread":"main","level":"INFO","springAppName":"chatbot"}
{"@timestamp":"2026-06-27T13:40:39.4330737-03:00","@version":"1","message":"Running with Spring Boot v3.2.0, Spring v6.1.1","logger_name":"com.plataforma.conversacional.repository.DocumentRepositoryTest","thread":"main","level":"DEBUG","springAppName":"chatbot"}
{"@timestamp":"2026-06-27T13:40:39.4340709-03:00","@version":"1","message":"The following 1 profile is active: \"test\"","logger_name":"com.plataforma.conversacional.repository.DocumentRepositoryTest","thread":"main","level":"INFO","springAppName":"chatbot"}
{"@timestamp":"2026-06-27T13:40:39.7100044-03:00","@version":"1","message":"Bootstrapping Spring Data JPA repositories in DEFAULT mode.","logger_name":"org.springframework.data.repository.config.RepositoryConfigurationDelegate","thread":"main","level":"INFO","springAppName":"chatbot"}
{"@timestamp":"2026-06-27T13:40:39.8436502-03:00","@version":"1","message":"Finished Spring Data repository scanning in 114 ms. Found 7 JPA repository interfaces.","logger_name":"org.springframework.data.repository.config.RepositoryConfigurationDelegate","thread":"main","level":"INFO","springAppName":"chatbot"}
{"@timestamp":"2026-06-27T13:40:39.9055173-03:00","@version":"1","message":"Replacing 'dataSource' DataSource bean with embedded version","logger_name":"org.springframework.boot.test.autoconfigure.jdbc.TestDatabaseAutoConfiguration$EmbeddedDataSourceBeanFactoryPostProcessor","thread":"main","level":"INFO","springAppName":"chatbot"}
{"@timestamp":"2026-06-27T13:40:39.9759195-03:00","@version":"1","message":"Starting embedded database: url='jdbc:h2:mem:2c1533c9-5891-415f-9728-07736ff9d47e;DB_CLOSE_DELAY=-1;DB_CLOSE_ON_EXIT=false', username='sa'","logger_name":"org.springframework.jdbc.datasource.embedded.EmbeddedDatabaseFactory","thread":"main","level":"INFO","springAppName":"chatbot"}
{"@timestamp":"2026-06-27T13:40:40.362088-03:00","@version":"1","message":"HHH000204: Processing PersistenceUnitInfo [name: default]","logger_name":"org.hibernate.jpa.internal.util.LogHelper","thread":"main","level":"INFO","springAppName":"chatbot"}
{"@timestamp":"2026-06-27T13:40:40.4539038-03:00","@version":"1","message":"HHH000412: Hibernate ORM core version 6.3.1.Final","logger_name":"org.hibernate.Version","thread":"main","level":"INFO","springAppName":"chatbot"}
{"@timestamp":"2026-06-27T13:40:40.5146951-03:00","@version":"1","message":"HHH000026: Second-level cache disabled","logger_name":"org.hibernate.cache.internal.RegionFactoryInitiator","thread":"main","level":"INFO","springAppName":"chatbot"}
{"@timestamp":"2026-06-27T13:40:40.761873-03:00","@version":"1","message":"No LoadTimeWeaver setup: ignoring JPA class transformer","logger_name":"org.springframework.orm.jpa.persistenceunit.SpringPersistenceUnitInfo","thread":"main","level":"INFO","springAppName":"chatbot"}
{"@timestamp":"2026-06-27T13:40:40.849966-03:00","@version":"1","message":"HHH90000025: H2Dialect does not need to be specified explicitly using 'hibernate.dialect' (remove the property setting and it will be selected by default)","logger_name":"org.hibernate.orm.deprecation","thread":"main","level":"WARN","springAppName":"chatbot"}
{"@timestamp":"2026-06-27T13:40:42.0498457-03:00","@version":"1","message":"HHH000489: No JTA platform available (set 'hibernate.transaction.jta.platform' to enable JTA platform integration)","logger_name":"org.hibernate.engine.transaction.jta.platform.internal.JtaPlatformInitiator","thread":"main","level":"INFO","springAppName":"chatbot"}
Hibernate: drop table if exists document_chunks cascade 
Hibernate: drop table if exists documents cascade 
Hibernate: drop table if exists messages cascade 
Hibernate: drop table if exists pipeline_jobs cascade 
Hibernate: drop table if exists sessions cascade 
Hibernate: drop table if exists source_references cascade 
Hibernate: drop table if exists users cascade 
Hibernate: create table document_chunks (chunk_index integer not null, created_at timestamp(6) not null, document_id bigint not null, id bigint generated by default as identity, embedding TEXT, metadata JSON, content TEXT not null, primary key (id))
Hibernate: create table documents (id bigint generated by default as identity, session_id bigint, size bigint not null, uploaded_at timestamp(6) not null, type varchar(10) not null check (type in ('PDF','TXT')), content_type varchar(100) not null, storage_path varchar(500) not null, original_name varchar(255) not null, storage_file_name varchar(255) not null unique, primary key (id))
Hibernate: create table messages (created_at timestamp(6) not null, id bigint generated by default as identity, session_id bigint not null, updated_at timestamp(6) not null, role varchar(20) not null check (role in ('USER','ASSISTANT','SYSTEM')), status varchar(20) not null check (status in ('SENT','RECEIVED','FAILED')), metadata JSON, content TEXT not null, primary key (id))
Hibernate: create table pipeline_jobs (chunks_count integer, completed_at timestamp(6), created_at timestamp(6) not null, document_id bigint not null, id bigint generated by default as identity, status varchar(20) not null check (status in ('QUEUED','PARSING','CHUNKING','EMBEDDING','READY','FAILED')), error_message TEXT, primary key (id))
Hibernate: create table sessions (closed_at timestamp(6), created_at timestamp(6) not null, id bigint generated by default as identity, updated_at timestamp(6) not null, status varchar(20) not null check (status in ('ACTIVE','CLOSED','ARCHIVED')), title varchar(255), primary key (id))
Hibernate: create table source_references (relevance_score float(53) not null, chunk_id bigint not null, created_at timestamp(6) not null, id bigint generated by default as identity, message_id bigint not null, excerpt varchar(500) not null, primary key (id))
Hibernate: create table users (created_at timestamp(6) not null, id bigint generated by default as identity, updated_at timestamp(6) not null, username varchar(50) not null unique, password varchar(255) not null, primary key (id))
Hibernate: create index idx_document_session_id on documents (session_id)
Hibernate: create index idx_message_session_id on messages (session_id)
Hibernate: create index idx_message_created_at on messages (created_at)
Hibernate: alter table if exists document_chunks add constraint FKks8knsiau23lcmv9mydqjmj84 foreign key (document_id) references documents
Hibernate: alter table if exists documents add constraint FKr56ubnc3bdgys5ki3bxgh999i foreign key (session_id) references sessions
Hibernate: alter table if exists messages add constraint FKtkbtam456hs6b6y3d81c08rpx foreign key (session_id) references sessions
Hibernate: alter table if exists pipeline_jobs add constraint FK6rfy2ogi6229v376bjkqc6910 foreign key (document_id) references documents
Hibernate: alter table if exists source_references add constraint FKjm89q9vrebhmjeh8bsoyjn2mh foreign key (chunk_id) references document_chunks
Hibernate: alter table if exists source_references add constraint FKnxiqa9uv96do62xyi23n76py2 foreign key (message_id) references messages
{"@timestamp":"2026-06-27T13:40:42.1210614-03:00","@version":"1","message":"Initialized JPA EntityManagerFactory for persistence unit 'default'","logger_name":"org.springframework.orm.jpa.LocalContainerEntityManagerFactoryBean","thread":"main","level":"INFO","springAppName":"chatbot"}
{"@timestamp":"2026-06-27T13:40:42.8187039-03:00","@version":"1","message":"Started DocumentRepositoryTest in 3.442 seconds (process running for 12.42)","logger_name":"com.plataforma.conversacional.repository.DocumentRepositoryTest","thread":"main","level":"INFO","springAppName":"chatbot"}
Hibernate: insert into documents (content_type,original_name,session_id,size,storage_file_name,storage_path,type,uploaded_at,id) values (?,?,?,?,?,?,?,?,default)
]]></system-out>
  </testcase>
  <testcase name="findById_ShouldReturnEmpty_WhenNotExists" classname="com.plataforma.conversacional.repository.DocumentRepositoryTest" time="0.066">
    <system-out><![CDATA[Hibernate: select d1_0.id,d1_0.content_type,d1_0.original_name,d1_0.session_id,d1_0.size,d1_0.storage_file_name,d1_0.storage_path,d1_0.type,d1_0.uploaded_at from documents d1_0 where d1_0.id=?
]]></system-out>
  </testcase>
  <testcase name="findById_ShouldReturnDocument_WhenExists" classname="com.plataforma.conversacional.repository.DocumentRepositoryTest" time="0.011">
    <system-out><![CDATA[Hibernate: insert into documents (content_type,original_name,session_id,size,storage_file_name,storage_path,type,uploaded_at,id) values (?,?,?,?,?,?,?,?,default)
]]></system-out>
  </testcase>
</testsuite>